2025-11-13 11:38:25,775 - INFO - Thread de cálculo iniciada.
2025-11-13 11:38:25,775 - INFO - Usando método Plasma/Laser para espessura 3.0mm.
2025-11-13 11:38:25,775 - INFO - Para espessura 3.0mm, usando Offset: 5mm. Margem efetiva: 7.5mm.
2025-11-13 11:38:25,775 - DEBUG - Iniciando cálculo para espessura 3.0 com 1 tipos de peças.
2025-11-13 11:38:25,775 - INFO - --- INICIANDO ORQUESTRAÇÃO DE NESTING (ESTRATÉGIA OTIMIZADA) PARA ESPESSURA 3.0mm ---
2025-11-13 11:38:25,775 - INFO - Ordenando 1 tipos de peças por área para otimização.
2025-11-13 11:38:25,775 - INFO - Iniciando cálculo de corte para 1 tipos de peças em 200 bins disponíveis.
2025-11-13 11:38:25,775 - INFO - --- TENTATIVA COM 1 CHAPAS ---
2025-11-13 11:38:25,775 - INFO - --- TENTATIVA COM 2 CHAPAS ---
2025-11-13 11:38:25,791 - INFO - --- TENTATIVA COM 3 CHAPAS ---
2025-11-13 11:38:25,791 - INFO - --- TENTATIVA COM 4 CHAPAS ---
2025-11-13 11:38:25,791 - INFO - --- TENTATIVA COM 5 CHAPAS ---
2025-11-13 11:38:25,807 - INFO - --- TENTATIVA COM 6 CHAPAS ---
2025-11-13 11:38:25,807 - INFO - --- TENTATIVA COM 7 CHAPAS ---
2025-11-13 11:38:25,823 - INFO - --- TENTATIVA COM 8 CHAPAS ---
2025-11-13 11:38:25,823 - INFO - --- TENTATIVA COM 9 CHAPAS ---
2025-11-13 11:38:25,838 - INFO - --- TENTATIVA COM 10 CHAPAS ---
2025-11-13 11:38:25,854 - INFO - --- TENTATIVA COM 11 CHAPAS ---
2025-11-13 11:38:25,854 - INFO - --- TENTATIVA COM 12 CHAPAS ---
2025-11-13 11:38:25,870 - INFO - --- TENTATIVA COM 13 CHAPAS ---
2025-11-13 11:38:25,892 - INFO - --- TENTATIVA COM 14 CHAPAS ---
2025-11-13 11:38:25,892 - INFO - SUCESSO! Algoritmo 'MaxRectsBssf' conseguiu alocar todas as peças em 14 chapas.
2025-11-13 11:38:25,892 - DEBUG - Iniciando 'encontrar_sobras' com algoritmo de varredura (Scanline).
2025-11-13 11:38:25,892 - DEBUG - Finalizado 'encontrar_sobras' (Scanline). Encontradas 2 sobras válidas.
2025-11-13 11:38:25,894 - INFO - SUCESSO! Algoritmo 'MaxRectsBaf' conseguiu alocar todas as peças em 14 chapas.
2025-11-13 11:38:25,894 - DEBUG - Iniciando 'encontrar_sobras' com algoritmo de varredura (Scanline).
2025-11-13 11:38:25,894 - DEBUG - Finalizado 'encontrar_sobras' (Scanline). Encontradas 2 sobras válidas.
2025-11-13 11:38:25,894 - INFO - SUCESSO! Algoritmo 'MaxRectsBlsf' conseguiu alocar todas as peças em 14 chapas.
2025-11-13 11:38:25,894 - DEBUG - Iniciando 'encontrar_sobras' com algoritmo de varredura (Scanline).
2025-11-13 11:38:25,894 - DEBUG - Finalizado 'encontrar_sobras' (Scanline). Encontradas 2 sobras válidas.
2025-11-13 11:38:25,896 - INFO - SUCESSO! Algoritmo 'SkylineBl' conseguiu alocar todas as peças em 14 chapas.
2025-11-13 11:38:25,898 - DEBUG - Iniciando 'encontrar_sobras' com algoritmo de varredura (Scanline).
2025-11-13 11:38:25,898 - DEBUG - Finalizado 'encontrar_sobras' (Scanline). Encontradas 2 sobras válidas.
2025-11-13 11:38:25,900 - INFO - SUCESSO! Algoritmo 'SkylineMwf' conseguiu alocar todas as peças em 14 chapas.
2025-11-13 11:38:25,900 - DEBUG - Iniciando 'encontrar_sobras' com algoritmo de varredura (Scanline).
2025-11-13 11:38:25,900 - DEBUG - Finalizado 'encontrar_sobras' (Scanline). Encontradas 2 sobras válidas.
2025-11-13 11:38:25,902 - INFO - SUCESSO! Algoritmo 'SkylineBlWm' conseguiu alocar todas as peças em 14 chapas.
2025-11-13 11:38:25,902 - DEBUG - Iniciando 'encontrar_sobras' com algoritmo de varredura (Scanline).
2025-11-13 11:38:25,902 - DEBUG - Finalizado 'encontrar_sobras' (Scanline). Encontradas 2 sobras válidas.
2025-11-13 11:38:25,906 - INFO - SUCESSO! Algoritmo 'SkylineMwfl' conseguiu alocar todas as peças em 14 chapas.
2025-11-13 11:38:25,906 - DEBUG - Iniciando 'encontrar_sobras' com algoritmo de varredura (Scanline).
2025-11-13 11:38:25,906 - DEBUG - Finalizado 'encontrar_sobras' (Scanline). Encontradas 2 sobras válidas.
2025-11-13 11:38:25,906 - INFO - Encontrado o número mínimo de chapas: 14. Selecionando a melhor solução.
2025-11-13 11:38:25,906 - INFO - Cálculo finalizado. Melhor resultado: 14 chapas, 44.44% de aproveitamento.
2025-11-13 11:38:25,906 - INFO - --- ORQUESTRAÇÃO OTIMIZADA FINALIZADA ---
2025-11-13 11:38:25,906 - DEBUG - Cálculo para espessura 3.0 concluído. Emitindo resultado.
2025-11-13 11:38:25,906 - INFO - Usando método Plasma/Laser para espessura 12.7mm.
2025-11-13 11:38:25,907 - INFO - Para espessura 12.7mm, usando Offset: 10mm. Margem efetiva: 5.0mm.
2025-11-13 11:38:25,907 - DEBUG - Iniciando cálculo para espessura 12.7 com 1 tipos de peças.
2025-11-13 11:38:25,907 - INFO - --- INICIANDO ORQUESTRAÇÃO DE NESTING (ESTRATÉGIA OTIMIZADA) PARA ESPESSURA 12.7mm ---
2025-11-13 11:38:25,907 - INFO - Ordenando 1 tipos de peças por área para otimização.
2025-11-13 11:38:25,907 - INFO - Iniciando cálculo de corte para 1 tipos de peças em 200 bins disponíveis.
2025-11-13 11:38:25,907 - INFO - --- TENTATIVA COM 1 CHAPAS ---
2025-11-13 11:38:25,907 - INFO - SUCESSO! Algoritmo 'MaxRectsBssf' conseguiu alocar todas as peças em 1 chapas.
2025-11-13 11:38:25,907 - DEBUG - Iniciando 'encontrar_sobras' com algoritmo de varredura (Scanline).
2025-11-13 11:38:25,907 - DEBUG - Finalizado 'encontrar_sobras' (Scanline). Encontradas 3 sobras válidas.
2025-11-13 11:38:25,907 - INFO - SUCESSO! Algoritmo 'MaxRectsBaf' conseguiu alocar todas as peças em 1 chapas.
2025-11-13 11:38:25,907 - DEBUG - Iniciando 'encontrar_sobras' com algoritmo de varredura (Scanline).
2025-11-13 11:38:25,907 - DEBUG - Finalizado 'encontrar_sobras' (Scanline). Encontradas 3 sobras válidas.
2025-11-13 11:38:25,907 - INFO - SUCESSO! Algoritmo 'MaxRectsBlsf' conseguiu alocar todas as peças em 1 chapas.
2025-11-13 11:38:25,907 - DEBUG - Iniciando 'encontrar_sobras' com algoritmo de varredura (Scanline).
2025-11-13 11:38:25,907 - DEBUG - Finalizado 'encontrar_sobras' (Scanline). Encontradas 2 sobras válidas.
2025-11-13 11:38:25,907 - INFO - SUCESSO! Algoritmo 'SkylineBl' conseguiu alocar todas as peças em 1 chapas.
2025-11-13 11:38:25,907 - DEBUG - Iniciando 'encontrar_sobras' com algoritmo de varredura (Scanline).
2025-11-13 11:38:25,907 - DEBUG - Finalizado 'encontrar_sobras' (Scanline). Encontradas 2 sobras válidas.
2025-11-13 11:38:25,907 - INFO - SUCESSO! Algoritmo 'SkylineMwf' conseguiu alocar todas as peças em 1 chapas.
2025-11-13 11:38:25,907 - DEBUG - Iniciando 'encontrar_sobras' com algoritmo de varredura (Scanline).
2025-11-13 11:38:25,907 - DEBUG - Finalizado 'encontrar_sobras' (Scanline). Encontradas 3 sobras válidas.
2025-11-13 11:38:25,907 - INFO - SUCESSO! Algoritmo 'SkylineBlWm' conseguiu alocar todas as peças em 1 chapas.
2025-11-13 11:38:25,907 - DEBUG - Iniciando 'encontrar_sobras' com algoritmo de varredura (Scanline).
2025-11-13 11:38:25,907 - DEBUG - Finalizado 'encontrar_sobras' (Scanline). Encontradas 2 sobras válidas.
2025-11-13 11:38:25,907 - INFO - SUCESSO! Algoritmo 'SkylineMwfl' conseguiu alocar todas as peças em 1 chapas.
2025-11-13 11:38:25,907 - DEBUG - Iniciando 'encontrar_sobras' com algoritmo de varredura (Scanline).
2025-11-13 11:38:25,907 - DEBUG - Finalizado 'encontrar_sobras' (Scanline). Encontradas 2 sobras válidas.
2025-11-13 11:38:25,907 - INFO - Encontrado o número mínimo de chapas: 1. Selecionando a melhor solução.
2025-11-13 11:38:25,907 - INFO - Cálculo finalizado. Melhor resultado: 1 chapas, 12.00% de aproveitamento.
2025-11-13 11:38:25,907 - INFO - --- ORQUESTRAÇÃO OTIMIZADA FINALIZADA ---
2025-11-13 11:38:25,907 - DEBUG - Cálculo para espessura 12.7 concluído. Emitindo resultado.
2025-11-13 11:38:25,907 - INFO - Usando método Plasma/Laser para espessura 15.88mm.
2025-11-13 11:38:25,907 - INFO - Para espessura 15.88mm, usando Offset: 10mm. Margem efetiva: 5.0mm.
2025-11-13 11:38:25,907 - DEBUG - Iniciando cálculo para espessura 15.88 com 1 tipos de peças.
2025-11-13 11:38:25,907 - INFO - --- INICIANDO ORQUESTRAÇÃO DE NESTING (ESTRATÉGIA OTIMIZADA) PARA ESPESSURA 15.88mm ---
2025-11-13 11:38:25,907 - INFO - Ordenando 1 tipos de peças por área para otimização.
2025-11-13 11:38:25,907 - INFO - Iniciando cálculo de corte para 1 tipos de peças em 200 bins disponíveis.
2025-11-13 11:38:25,907 - INFO - --- TENTATIVA COM 1 CHAPAS ---
2025-11-13 11:38:25,907 - INFO - SUCESSO! Algoritmo 'MaxRectsBssf' conseguiu alocar todas as peças em 1 chapas.
2025-11-13 11:38:25,907 - DEBUG - Iniciando 'encontrar_sobras' com algoritmo de varredura (Scanline).
2025-11-13 11:38:25,907 - DEBUG - Finalizado 'encontrar_sobras' (Scanline). Encontradas 3 sobras válidas.
2025-11-13 11:38:25,907 - INFO - SUCESSO! Algoritmo 'MaxRectsBaf' conseguiu alocar todas as peças em 1 chapas.
2025-11-13 11:38:25,907 - DEBUG - Iniciando 'encontrar_sobras' com algoritmo de varredura (Scanline).
2025-11-13 11:38:25,907 - DEBUG - Finalizado 'encontrar_sobras' (Scanline). Encontradas 3 sobras válidas.
2025-11-13 11:38:25,907 - INFO - SUCESSO! Algoritmo 'MaxRectsBlsf' conseguiu alocar todas as peças em 1 chapas.
2025-11-13 11:38:25,907 - DEBUG - Iniciando 'encontrar_sobras' com algoritmo de varredura (Scanline).
2025-11-13 11:38:25,907 - DEBUG - Finalizado 'encontrar_sobras' (Scanline). Encontradas 3 sobras válidas.
2025-11-13 11:38:25,907 - INFO - SUCESSO! Algoritmo 'SkylineBl' conseguiu alocar todas as peças em 1 chapas.
2025-11-13 11:38:25,907 - DEBUG - Iniciando 'encontrar_sobras' com algoritmo de varredura (Scanline).
2025-11-13 11:38:25,907 - DEBUG - Finalizado 'encontrar_sobras' (Scanline). Encontradas 3 sobras válidas.
2025-11-13 11:38:25,907 - INFO - SUCESSO! Algoritmo 'SkylineMwf' conseguiu alocar todas as peças em 1 chapas.
2025-11-13 11:38:25,907 - DEBUG - Iniciando 'encontrar_sobras' com algoritmo de varredura (Scanline).
2025-11-13 11:38:25,907 - DEBUG - Finalizado 'encontrar_sobras' (Scanline). Encontradas 2 sobras válidas.
2025-11-13 11:38:25,907 - INFO - SUCESSO! Algoritmo 'SkylineBlWm' conseguiu alocar todas as peças em 1 chapas.
2025-11-13 11:38:25,907 - DEBUG - Iniciando 'encontrar_sobras' com algoritmo de varredura (Scanline).
2025-11-13 11:38:25,907 - DEBUG - Finalizado 'encontrar_sobras' (Scanline). Encontradas 3 sobras válidas.
2025-11-13 11:38:25,907 - INFO - SUCESSO! Algoritmo 'SkylineMwfl' conseguiu alocar todas as peças em 1 chapas.
2025-11-13 11:38:25,907 - DEBUG - Iniciando 'encontrar_sobras' com algoritmo de varredura (Scanline).
2025-11-13 11:38:25,907 - DEBUG - Finalizado 'encontrar_sobras' (Scanline). Encontradas 3 sobras válidas.
2025-11-13 11:38:25,907 - INFO - Encontrado o número mínimo de chapas: 1. Selecionando a melhor solução.
2025-11-13 11:38:25,907 - INFO - Cálculo finalizado. Melhor resultado: 1 chapas, 53.33% de aproveitamento.
2025-11-13 11:38:25,917 - INFO - --- ORQUESTRAÇÃO OTIMIZADA FINALIZADA ---
2025-11-13 11:38:25,917 - DEBUG - Cálculo para espessura 15.88 concluído. Emitindo resultado.
2025-11-13 11:38:25,917 - INFO - Thread de cálculo finalizada.
